# JRE version: OpenJDK Runtime Environment (14.0.2+12) (build 14.0.2+12-46)
# Java VM: OpenJDK 64-Bit Server VM (14.0.2+12-46, mixed mode, tiered, compressed oops, g1 gc, windows-amd64)
Heap:
 garbage-first heap   total 103424K, used 58519K [0x0000000701c00000, 0x0000000800000000)
  region size 1024K, 39 young (39936K), 5 survivors (5120K)
 Metaspace       used 58504K, capacity 60109K, committed 60160K, reserved 1101824K
  class space    used 7547K, capacity 8156K, committed 8192K, reserved 1048576K
GC Heap History (20 events):
Event: 2.989 GC heap before
{Heap before GC invocations=11 (full 0):
 garbage-first heap   total 44032K, used 33992K [0x0000000701c00000, 0x0000000800000000)
  region size 1024K, 25 young (25600K), 3 survivors (3072K)
 Metaspace       used 27861K, capacity 28780K, committed 29056K, reserved 1075200K
  class space    used 3266K, capacity 3605K, committed 3712K, reserved 1048576K
}
Event: 2.994 GC heap after
{Heap after GC invocations=12 (full 0):
 garbage-first heap   total 153600K, used 11504K [0x0000000701c00000, 0x0000000800000000)
  region size 1024K, 2 young (2048K), 2 survivors (2048K)
 Metaspace       used 27861K, capacity 28780K, committed 29056K, reserved 1075200K
  class space    used 3266K, capacity 3605K, committed 3712K, reserved 1048576K
}
Event: 3.807 GC heap before
{Heap before GC invocations=12 (full 0):
 garbage-first heap   total 153600K, used 101616K [0x0000000701c00000, 0x0000000800000000)
  region size 1024K, 90 young (92160K), 2 survivors (2048K)
 Metaspace       used 33072K, capacity 34326K, committed 34560K, reserved 1079296K
  class space    used 4068K, capacity 4503K, committed 4608K, reserved 1048576K
}
Event: 3.812 GC heap after
{Heap after GC invocations=13 (full 0):
 garbage-first heap   total 153600K, used 14288K [0x0000000701c00000, 0x0000000800000000)
  region size 1024K, 5 young (5120K), 5 survivors (5120K)
 Metaspace       used 33072K, capacity 34326K, committed 34560K, reserved 1079296K
  class space    used 4068K, capacity 4503K, committed 4608K, reserved 1048576K
}
Event: 3.949 GC heap before
{Heap before GC invocations=13 (full 0):
 garbage-first heap   total 153600K, used 71632K [0x0000000701c00000, 0x0000000800000000)
  region size 1024K, 63 young (64512K), 5 survivors (5120K)
 Metaspace       used 34536K, capacity 35701K, committed 35840K, reserved 1081344K
  class space    used 4204K, capacity 4641K, committed 4736K, reserved 1048576K
}
Event: 3.954 GC heap after
{Heap after GC invocations=14 (full 0):
 garbage-first heap   total 153600K, used 15048K [0x0000000701c00000, 0x0000000800000000)
  region size 1024K, 6 young (6144K), 6 survivors (6144K)
 Metaspace       used 34536K, capacity 35701K, committed 35840K, reserved 1081344K
  class space    used 4204K, capacity 4641K, committed 4736K, reserved 1048576K
}
Event: 4.043 GC heap before
{Heap before GC invocations=15 (full 0):
 garbage-first heap   total 65536K, used 59080K [0x0000000701c00000, 0x0000000800000000)
  region size 1024K, 50 young (51200K), 6 survivors (6144K)
 Metaspace       used 34801K, capacity 36059K, committed 36352K, reserved 1081344K
  class space    used 4236K, capacity 4675K, committed 4736K, reserved 1048576K
}
Event: 4.049 GC heap after
{Heap after GC invocations=16 (full 0):
 garbage-first heap   total 69632K, used 15651K [0x0000000701c00000, 0x0000000800000000)
  region size 1024K, 2 young (2048K), 2 survivors (2048K)
 Metaspace       used 34801K, capacity 36059K, committed 36352K, reserved 1081344K
  class space    used 4236K, capacity 4675K, committed 4736K, reserved 1048576K
}
Event: 4.419 GC heap before
{Heap before GC invocations=16 (full 0):
 garbage-first heap   total 69632K, used 54563K [0x0000000701c00000, 0x0000000800000000)
  region size 1024K, 40 young (40960K), 2 survivors (2048K)
 Metaspace       used 37513K, capacity 38816K, committed 38912K, reserved 1083392K
  class space    used 4583K, capacity 5059K, committed 5120K, reserved 1048576K
}
Event: 4.423 GC heap after
{Heap after GC invocations=17 (full 0):
 garbage-first heap   total 86016K, used 16023K [0x0000000701c00000, 0x0000000800000000)
  region size 1024K, 2 young (2048K), 2 survivors (2048K)
 Metaspace       used 37513K, capacity 38816K, committed 38912K, reserved 1083392K
  class space    used 4583K, capacity 5059K, committed 5120K, reserved 1048576K
}
Event: 4.853 GC heap before
{Heap before GC invocations=17 (full 0):
 garbage-first heap   total 86016K, used 65175K [0x0000000701c00000, 0x0000000800000000)
  region size 1024K, 50 young (51200K), 2 survivors (2048K)
 Metaspace       used 41654K, capacity 42980K, committed 43264K, reserved 1087488K
  class space    used 5254K, capacity 5764K, committed 5888K, reserved 1048576K
}
Event: 4.857 GC heap after
{Heap after GC invocations=18 (full 0):
 garbage-first heap   total 86016K, used 17146K [0x0000000701c00000, 0x0000000800000000)
  region size 1024K, 3 young (3072K), 3 survivors (3072K)
 Metaspace       used 41654K, capacity 42980K, committed 43264K, reserved 1087488K
  class space    used 5254K, capacity 5764K, committed 5888K, reserved 1048576K
}
Event: 5.311 GC heap before
{Heap before GC invocations=18 (full 0):
 garbage-first heap   total 86016K, used 65274K [0x0000000701c00000, 0x0000000800000000)
  region size 1024K, 50 young (51200K), 3 survivors (3072K)
 Metaspace       used 47117K, capacity 48482K, committed 48768K, reserved 1091584K
  class space    used 5920K, capacity 6444K, committed 6528K, reserved 1048576K
}
Event: 5.316 GC heap after
{Heap after GC invocations=19 (full 0):
 garbage-first heap   total 86016K, used 20044K [0x0000000701c00000, 0x0000000800000000)
  region size 1024K, 6 young (6144K), 6 survivors (6144K)
 Metaspace       used 47117K, capacity 48482K, committed 48768K, reserved 1091584K
  class space    used 5920K, capacity 6444K, committed 6528K, reserved 1048576K
}
Event: 5.558 GC heap before
{Heap before GC invocations=19 (full 0):
 garbage-first heap   total 86016K, used 64076K [0x0000000701c00000, 0x0000000800000000)
  region size 1024K, 50 young (51200K), 6 survivors (6144K)
 Metaspace       used 48864K, capacity 50215K, committed 50560K, reserved 1093632K
  class space    used 6156K, capacity 6677K, committed 6784K, reserved 1048576K
}
Event: 5.564 GC heap after
{Heap after GC invocations=20 (full 0):
 garbage-first heap   total 86016K, used 22088K [0x0000000701c00000, 0x0000000800000000)
  region size 1024K, 6 young (6144K), 6 survivors (6144K)
 Metaspace       used 48864K, capacity 50215K, committed 50560K, reserved 1093632K
  class space    used 6156K, capacity 6677K, committed 6784K, reserved 1048576K
}
Event: 5.855 GC heap before
{Heap before GC invocations=20 (full 0):
 garbage-first heap   total 86016K, used 67144K [0x0000000701c00000, 0x0000000800000000)
  region size 1024K, 50 young (51200K), 6 survivors (6144K)
 Metaspace       used 52202K, capacity 53643K, committed 53888K, reserved 1095680K
  class space    used 6672K, capacity 7199K, committed 7296K, reserved 1048576K
}
Event: 5.860 GC heap after
{Heap after GC invocations=21 (full 0):
 garbage-first heap   total 103424K, used 23204K [0x0000000701c00000, 0x0000000800000000)
  region size 1024K, 4 young (4096K), 4 survivors (4096K)
 Metaspace       used 52202K, capacity 53643K, committed 53888K, reserved 1095680K
  class space    used 6672K, capacity 7199K, committed 7296K, reserved 1048576K
}
Event: 6.385 GC heap before
{Heap before GC invocations=21 (full 0):
 garbage-first heap   total 103424K, used 80548K [0x0000000701c00000, 0x0000000800000000)
  region size 1024K, 60 young (61440K), 4 survivors (4096K)
 Metaspace       used 56555K, capacity 57988K, committed 58240K, reserved 1099776K
  class space    used 7235K, capacity 7749K, committed 7808K, reserved 1048576K
}
Event: 6.391 GC heap after
{Heap after GC invocations=22 (full 0):
 garbage-first heap   total 103424K, used 24727K [0x0000000701c00000, 0x0000000800000000)
  region size 1024K, 5 young (5120K), 5 survivors (5120K)
 Metaspace       used 56555K, capacity 57988K, committed 58240K, reserved 1099776K
  class space    used 7235K, capacity 7749K, committed 7808K, reserved 1048576K
}

